<?xml version="1.0" encoding="UTF-8"?>
<testsuite name="com.beyondscheme.pitest.TicketPriceCalculatorTest" tests="6" skipped="0" failures="0" errors="0" timestamp="2018-07-23T15:58:38" hostname="SY4-5489482" time="0.003">
  <properties/>
  <testcase name="shouldNotCalculatePriceForFamilyEdgeCaseWithAdults" classname="com.beyondscheme.pitest.TicketPriceCalculatorTest" time="0.002"/>
  <testcase name="calculatePriceForOneAdult" classname="com.beyondscheme.pitest.TicketPriceCalculatorTest" time="0.0"/>
  <testcase name="calculatePriceForChildNarrowCase" classname="com.beyondscheme.pitest.TicketPriceCalculatorTest" time="0.0"/>
  <testcase name="shouldNotCalculatePriceForFamilyEdgeCaseWithChildren" classname="com.beyondscheme.pitest.TicketPriceCalculatorTest" time="0.0"/>
  <testcase name="calculatePriceForFamily" classname="com.beyondscheme.pitest.TicketPriceCalculatorTest" time="0.0"/>
  <testcase name="calculatePriceForFreeTicketNarrowCase" classname="com.beyondscheme.pitest.TicketPriceCalculatorTest" time="0.0"/>
  <system-out><![CDATA[]]></system-out>
  <system-err><![CDATA[]]></system-err>
</testsuite>
